<?xml version="1.0" encoding="UTF-8"?>
<!-- Generated by org.testng.reporters.JUnitXMLReporter -->
<testsuite ignored="0" hostname="HW1415" failures="1" tests="9" name="Test" time="174.751" errors="0" timestamp="2026-05-25T20:58:41 IST">
  <testcase classname="com.vit.banking_automation_project.tests.AccountTest" name="validateOpenNewAccount" time="30.298">
    <failure type="org.openqa.selenium.NoSuchElementException" message="Cannot locate option with index: 0
For documentation on this error, please visit: https://www.selenium.dev/documentation/webdriver/troubleshooting/errors#no-such-element-exception
Build info: version: &amp;apos;4.21.0&amp;apos;, revision: &amp;apos;79ed462ef4&amp;apos;
System info: os.name: &amp;apos;Windows 11&amp;apos;, os.arch: &amp;apos;amd64&amp;apos;, os.version: &amp;apos;10.0&amp;apos;, java.version: &amp;apos;21.0.10&amp;apos;
Driver info: driver.version: unknown">
      <![CDATA[org.openqa.selenium.NoSuchElementException: Cannot locate option with index: 0
For documentation on this error, please visit: https://www.selenium.dev/documentation/webdriver/troubleshooting/errors#no-such-element-exception
Build info: version: '4.21.0', revision: '79ed462ef4'
System info: os.name: 'Windows 11', os.arch: 'amd64', os.version: '10.0', java.version: '21.0.10'
Driver info: driver.version: unknown
at org.openqa.selenium.support.ui.Select.setSelectedByIndex(Select.java:303)
at org.openqa.selenium.support.ui.Select.selectByIndex(Select.java:179)
at com.vit.banking_automation_project.utils.WaitUtils.selectByIndex(WaitUtils.java:52)
at com.vit.banking_automation_project.pages.AccountPage.selectFromAccountByIndex(AccountPage.java:31)
at com.vit.banking_automation_project.tests.AccountTest.validateOpenNewAccount(AccountTest.java:47)
at java.base/java.util.ArrayList.forEach(ArrayList.java:1596)
... Removed 25 stack frames]]>
    </failure>
  </testcase> <!-- validateOpenNewAccount -->
  <testcase classname="com.vit.banking_automation_project.tests.ApiTest" name="validateLoginAPI" time="3.144"/>
  <testcase classname="com.vit.banking_automation_project.tests.ApiTest" name="validateCreateUserAPI" time="0.91"/>
  <testcase classname="com.vit.banking_automation_project.tests.ApiTest" name="validateFetchUserDetailsAPI" time="0.656"/>
  <testcase classname="com.vit.banking_automation_project.tests.RegistrationTest" name="validateCustomerRegistration" time="7.526"/>
  <testcase classname="com.vit.banking_automation_project.tests.RegistrationTest" name="validateNegativeRegistration" time="6.796"/>
  <testcase classname="com.vit.banking_automation_project.tests.TransactionHistoryTest" name="validateTransactionHistory" time="26.581"/>
  <testcase classname="com.vit.banking_automation_project.tests.TransferTest" name="validateFundTransfer" time="27.593"/>
  <testcase classname="com.vit.banking_automation_project.tests.TransferTest" name="validateInvalidTransferAmount" time="32.89"/>
</testsuite> <!-- Test -->
