<?xml version="1.0" encoding="UTF-8"?>
<testng-results ignored="0" total="1" passed="1" failed="0" skipped="0">
  <reporter-output>
  </reporter-output>
  <suite started-at="2026-05-25T21:04:21 IST" name="Default suite" finished-at="2026-05-25T21:04:58 IST" duration-ms="36662">
    <groups>
    </groups>
    <test started-at="2026-05-25T21:04:21 IST" name="Default test" finished-at="2026-05-25T21:04:58 IST" duration-ms="36662">
      <class name="com.vit.banking_automation_project.tests.AccountTest">
        <test-method is-config="true" signature="setup()[pri:0, instance:com.vit.banking_automation_project.tests.AccountTest@305b7c14]" started-at="2026-05-25T21:04:21 IST" name="setup" finished-at="2026-05-25T21:04:28 IST" duration-ms="6891" status="PASS">
          <reporter-output>
          </reporter-output>
        </test-method> <!-- setup -->
        <test-method signature="validateOpenNewAccount()[pri:0, instance:com.vit.banking_automation_project.tests.AccountTest@305b7c14]" started-at="2026-05-25T21:04:28 IST" name="validateOpenNewAccount" finished-at="2026-05-25T21:04:57 IST" duration-ms="29221" status="PASS">
          <reporter-output>
          </reporter-output>
        </test-method> <!-- validateOpenNewAccount -->
        <test-method is-config="true" signature="tearDown()[pri:0, instance:com.vit.banking_automation_project.tests.AccountTest@305b7c14]" started-at="2026-05-25T21:04:57 IST" name="tearDown" finished-at="2026-05-25T21:04:58 IST" duration-ms="500" status="PASS">
          <reporter-output>
          </reporter-output>
        </test-method> <!-- tearDown -->
      </class> <!-- com.vit.banking_automation_project.tests.AccountTest -->
    </test> <!-- Default test -->
  </suite> <!-- Default suite -->
</testng-results>
