<?xml version="1.0" encoding="UTF-8"?>
<!-- Generated by org.testng.reporters.JUnitReportReporter -->
<testsuite hostname="HW0714" failures="0" tests="2" name="com.vit.banking_automation_project.tests.TransferTest" time="54.029" errors="0" timestamp="2026-05-25T23:54:11 IST" skipped="0">
  <testcase classname="com.vit.banking_automation_project.tests.TransferTest" name="validateFundTransfer" time="27.110"/>
  <testcase classname="com.vit.banking_automation_project.tests.TransferTest" name="validateInvalidTransferAmount" time="26.919"/>
</testsuite> <!-- com.vit.banking_automation_project.tests.TransferTest -->
