<?xml version="1.0" encoding="UTF-8"?>
<!-- Generated by org.testng.reporters.JUnitReportReporter -->
<testsuite hostname="HW0714" failures="0" tests="3" name="com.vit.banking_automation_project.tests.ApiTest" time="5.536" errors="0" timestamp="2026-05-25T23:54:11 IST" skipped="0">
  <testcase classname="com.vit.banking_automation_project.tests.ApiTest" name="validateLoginAPI" time="3.440"/>
  <testcase classname="com.vit.banking_automation_project.tests.ApiTest" name="validateCreateUserAPI" time="1.332"/>
  <testcase classname="com.vit.banking_automation_project.tests.ApiTest" name="validateFetchUserDetailsAPI" time="0.764"/>
</testsuite> <!-- com.vit.banking_automation_project.tests.ApiTest -->
