<?xml version="1.0" encoding="UTF-8"?>
<!-- Generated by org.testng.reporters.JUnitReportReporter -->
<testsuite hostname="HW0714" failures="0" tests="2" name="com.vit.banking_automation_project.tests.RegistrationTest" time="11.498" errors="0" timestamp="2026-05-25T23:54:11 IST" skipped="0">
  <testcase classname="com.vit.banking_automation_project.tests.RegistrationTest" name="validateCustomerRegistration" time="6.580"/>
  <testcase classname="com.vit.banking_automation_project.tests.RegistrationTest" name="validateNegativeRegistration" time="4.918"/>
</testsuite> <!-- com.vit.banking_automation_project.tests.RegistrationTest -->
