<?xml version="1.0" encoding="UTF-8"?>
<!-- Generated by org.testng.reporters.JUnitReportReporter -->
<testsuite hostname="HW1415" failures="0" tests="3" name="com.vit.banking_automation_project.tests.ApiTest" time="4.710" errors="0" timestamp="2026-05-25T20:58:42 IST" skipped="0">
  <testcase classname="com.vit.banking_automation_project.tests.ApiTest" name="validateLoginAPI" time="3.144"/>
  <testcase classname="com.vit.banking_automation_project.tests.ApiTest" name="validateCreateUserAPI" time="0.910"/>
  <testcase classname="com.vit.banking_automation_project.tests.ApiTest" name="validateFetchUserDetailsAPI" time="0.656"/>
</testsuite> <!-- com.vit.banking_automation_project.tests.ApiTest -->
