<?xml version="1.0" encoding="UTF-8"?>
<!-- Generated by org.testng.reporters.JUnitReportReporter -->
<testsuite hostname="HW1415" failures="0" tests="2" name="com.vit.banking_automation_project.tests.RegistrationTest" time="25.795" errors="0" timestamp="2026-05-25T20:58:42 IST" skipped="0">
  <testcase classname="com.vit.banking_automation_project.tests.RegistrationTest" name="validateCustomerRegistration" time="13.323"/>
  <testcase classname="com.vit.banking_automation_project.tests.RegistrationTest" name="validateNegativeRegistration" time="12.472"/>
</testsuite> <!-- com.vit.banking_automation_project.tests.RegistrationTest -->
