<?xml version="1.0" encoding="UTF-8"?>
<!-- Generated by org.testng.reporters.JUnitReportReporter -->
<testsuite hostname="HW1415" failures="0" tests="2" name="com.vit.banking_automation_project.tests.TransferTest" time="71.231" errors="0" timestamp="2026-05-25T20:58:42 IST" skipped="0">
  <testcase classname="com.vit.banking_automation_project.tests.TransferTest" name="validateFundTransfer" time="32.747"/>
  <testcase classname="com.vit.banking_automation_project.tests.TransferTest" name="validateInvalidTransferAmount" time="38.484"/>
</testsuite> <!-- com.vit.banking_automation_project.tests.TransferTest -->
