<?xml version="1.0" encoding="UTF-8"?>
<testng-results ignored="0" total="9" passed="9" failed="0" skipped="0">
  <reporter-output>
  </reporter-output>
  <suite started-at="2026-05-25T23:52:00 IST" name="Surefire suite" finished-at="2026-05-25T23:54:10 IST" duration-ms="129869">
    <groups>
    </groups>
    <test started-at="2026-05-25T23:52:00 IST" name="Surefire test" finished-at="2026-05-25T23:54:10 IST" duration-ms="129869">
      <class name="com.vit.banking_automation_project.tests.TransactionHistoryTest">
        <test-method is-config="true" signature="setup()[pri:0, instance:com.vit.banking_automation_project.tests.TransactionHistoryTest@51acdf2e]" started-at="2026-05-25T23:52:50 IST" name="setup" finished-at="2026-05-25T23:52:53 IST" duration-ms="2964" status="PASS">
          <reporter-output>
          </reporter-output>
        </test-method> <!-- setup -->
        <test-method signature="validateTransactionHistory()[pri:0, instance:com.vit.banking_automation_project.tests.TransactionHistoryTest@51acdf2e]" started-at="2026-05-25T23:52:53 IST" name="validateTransactionHistory" finished-at="2026-05-25T23:53:15 IST" duration-ms="22390" status="PASS">
          <reporter-output>
          </reporter-output>
        </test-method> <!-- validateTransactionHistory -->
        <test-method is-config="true" signature="tearDown()[pri:0, instance:com.vit.banking_automation_project.tests.TransactionHistoryTest@51acdf2e]" started-at="2026-05-25T23:53:15 IST" name="tearDown" finished-at="2026-05-25T23:53:16 IST" duration-ms="343" status="PASS">
          <reporter-output>
          </reporter-output>
        </test-method> <!-- tearDown -->
      </class> <!-- com.vit.banking_automation_project.tests.TransactionHistoryTest -->
      <class name="com.vit.banking_automation_project.tests.RegistrationTest">
        <test-method is-config="true" signature="setup()[pri:0, instance:com.vit.banking_automation_project.tests.RegistrationTest@dbd8e44]" started-at="2026-05-25T23:52:38 IST" name="setup" finished-at="2026-05-25T23:52:41 IST" duration-ms="2953" status="PASS">
          <reporter-output>
          </reporter-output>
        </test-method> <!-- setup -->
        <test-method signature="validateCustomerRegistration()[pri:1, instance:com.vit.banking_automation_project.tests.RegistrationTest@dbd8e44]" started-at="2026-05-25T23:52:41 IST" name="validateCustomerRegistration" description="Validate Positive Customer Registration with Dynamic Data" finished-at="2026-05-25T23:52:44 IST" duration-ms="3323" status="PASS">
          <reporter-output>
          </reporter-output>
        </test-method> <!-- validateCustomerRegistration -->
        <test-method is-config="true" signature="tearDown()[pri:0, instance:com.vit.banking_automation_project.tests.RegistrationTest@dbd8e44]" started-at="2026-05-25T23:52:44 IST" name="tearDown" finished-at="2026-05-25T23:52:45 IST" duration-ms="301" status="PASS">
          <reporter-output>
          </reporter-output>
        </test-method> <!-- tearDown -->
        <test-method is-config="true" signature="setup()[pri:0, instance:com.vit.banking_automation_project.tests.RegistrationTest@dbd8e44]" started-at="2026-05-25T23:52:45 IST" name="setup" finished-at="2026-05-25T23:52:47 IST" duration-ms="2827" status="PASS">
          <reporter-output>
          </reporter-output>
        </test-method> <!-- setup -->
        <test-method signature="validateNegativeRegistration()[pri:2, instance:com.vit.banking_automation_project.tests.RegistrationTest@dbd8e44]" started-at="2026-05-25T23:52:47 IST" name="validateNegativeRegistration" description="Validate Negative Registration Workflow with Blank Details" finished-at="2026-05-25T23:52:49 IST" duration-ms="1790" status="PASS">
          <reporter-output>
          </reporter-output>
        </test-method> <!-- validateNegativeRegistration -->
        <test-method is-config="true" signature="tearDown()[pri:0, instance:com.vit.banking_automation_project.tests.RegistrationTest@dbd8e44]" started-at="2026-05-25T23:52:49 IST" name="tearDown" finished-at="2026-05-25T23:52:50 IST" duration-ms="304" status="PASS">
          <reporter-output>
          </reporter-output>
        </test-method> <!-- tearDown -->
      </class> <!-- com.vit.banking_automation_project.tests.RegistrationTest -->
      <class name="com.vit.banking_automation_project.tests.ApiTest">
        <test-method is-config="true" signature="setupExcel()[pri:0, instance:com.vit.banking_automation_project.tests.ApiTest@79179359]" started-at="2026-05-25T23:52:32 IST" name="setupExcel" finished-at="2026-05-25T23:52:32 IST" duration-ms="54" status="PASS">
          <reporter-output>
          </reporter-output>
        </test-method> <!-- setupExcel -->
        <test-method signature="validateLoginAPI()[pri:1, instance:com.vit.banking_automation_project.tests.ApiTest@79179359]" started-at="2026-05-25T23:52:32 IST" name="validateLoginAPI" finished-at="2026-05-25T23:52:36 IST" duration-ms="3440" status="PASS">
          <reporter-output>
          </reporter-output>
        </test-method> <!-- validateLoginAPI -->
        <test-method signature="validateCreateUserAPI()[pri:2, instance:com.vit.banking_automation_project.tests.ApiTest@79179359]" started-at="2026-05-25T23:52:36 IST" name="validateCreateUserAPI" finished-at="2026-05-25T23:52:37 IST" duration-ms="1332" status="PASS">
          <reporter-output>
          </reporter-output>
        </test-method> <!-- validateCreateUserAPI -->
        <test-method signature="validateFetchUserDetailsAPI()[pri:3, instance:com.vit.banking_automation_project.tests.ApiTest@79179359]" started-at="2026-05-25T23:52:37 IST" name="validateFetchUserDetailsAPI" finished-at="2026-05-25T23:52:38 IST" depends-on-methods="com.vit.banking_automation_project.tests.ApiTest.validateCreateUserAPI" duration-ms="764" status="PASS">
          <reporter-output>
          </reporter-output>
        </test-method> <!-- validateFetchUserDetailsAPI -->
        <test-method is-config="true" signature="closeExcel()[pri:0, instance:com.vit.banking_automation_project.tests.ApiTest@79179359]" started-at="2026-05-25T23:52:38 IST" name="closeExcel" finished-at="2026-05-25T23:52:38 IST" duration-ms="0" status="PASS">
          <reporter-output>
          </reporter-output>
        </test-method> <!-- closeExcel -->
      </class> <!-- com.vit.banking_automation_project.tests.ApiTest -->
      <class name="com.vit.banking_automation_project.tests.AccountTest">
        <test-method is-config="true" signature="setup()[pri:0, instance:com.vit.banking_automation_project.tests.AccountTest@50a638b5]" started-at="2026-05-25T23:52:00 IST" name="setup" finished-at="2026-05-25T23:52:06 IST" duration-ms="5424" status="PASS">
          <reporter-output>
          </reporter-output>
        </test-method> <!-- setup -->
        <test-method signature="validateOpenNewAccount()[pri:0, instance:com.vit.banking_automation_project.tests.AccountTest@50a638b5]" started-at="2026-05-25T23:52:06 IST" name="validateOpenNewAccount" finished-at="2026-05-25T23:52:31 IST" duration-ms="25842" status="PASS">
          <reporter-output>
          </reporter-output>
        </test-method> <!-- validateOpenNewAccount -->
        <test-method is-config="true" signature="tearDown()[pri:0, instance:com.vit.banking_automation_project.tests.AccountTest@50a638b5]" started-at="2026-05-25T23:52:32 IST" name="tearDown" finished-at="2026-05-25T23:52:32 IST" duration-ms="398" status="PASS">
          <reporter-output>
          </reporter-output>
        </test-method> <!-- tearDown -->
      </class> <!-- com.vit.banking_automation_project.tests.AccountTest -->
      <class name="com.vit.banking_automation_project.tests.TransferTest">
        <test-method is-config="true" signature="setup()[pri:0, instance:com.vit.banking_automation_project.tests.TransferTest@6a55299e]" started-at="2026-05-25T23:53:16 IST" name="setup" finished-at="2026-05-25T23:53:19 IST" duration-ms="3259" status="PASS">
          <reporter-output>
          </reporter-output>
        </test-method> <!-- setup -->
        <test-method signature="validateFundTransfer()[pri:1, instance:com.vit.banking_automation_project.tests.TransferTest@6a55299e]" started-at="2026-05-25T23:53:19 IST" name="validateFundTransfer" finished-at="2026-05-25T23:53:43 IST" duration-ms="23905" status="PASS">
          <reporter-output>
          </reporter-output>
        </test-method> <!-- validateFundTransfer -->
        <test-method is-config="true" signature="tearDown()[pri:0, instance:com.vit.banking_automation_project.tests.TransferTest@6a55299e]" started-at="2026-05-25T23:53:43 IST" name="tearDown" finished-at="2026-05-25T23:53:43 IST" duration-ms="369" status="PASS">
          <reporter-output>
          </reporter-output>
        </test-method> <!-- tearDown -->
        <test-method is-config="true" signature="setup()[pri:0, instance:com.vit.banking_automation_project.tests.TransferTest@6a55299e]" started-at="2026-05-25T23:53:43 IST" name="setup" finished-at="2026-05-25T23:53:46 IST" duration-ms="2856" status="PASS">
          <reporter-output>
          </reporter-output>
        </test-method> <!-- setup -->
        <test-method signature="validateInvalidTransferAmount()[pri:2, instance:com.vit.banking_automation_project.tests.TransferTest@6a55299e]" started-at="2026-05-25T23:53:46 IST" name="validateInvalidTransferAmount" finished-at="2026-05-25T23:54:09 IST" duration-ms="23291" status="PASS">
          <reporter-output>
          </reporter-output>
        </test-method> <!-- validateInvalidTransferAmount -->
        <test-method is-config="true" signature="tearDown()[pri:0, instance:com.vit.banking_automation_project.tests.TransferTest@6a55299e]" started-at="2026-05-25T23:54:10 IST" name="tearDown" finished-at="2026-05-25T23:54:10 IST" duration-ms="349" status="PASS">
          <reporter-output>
          </reporter-output>
        </test-method> <!-- tearDown -->
      </class> <!-- com.vit.banking_automation_project.tests.TransferTest -->
    </test> <!-- Surefire test -->
  </suite> <!-- Surefire suite -->
</testng-results>
