<?xml version="1.0" encoding="UTF-8"?>
<!-- Generated by org.testng.reporters.JUnitXMLReporter -->
<testsuite ignored="0" hostname="HW0714" failures="0" tests="11" name="Banking Management Tests" time="138.941" errors="0" timestamp="2026-05-26T07:34:44 IST">
  <testcase classname="com.vit.bankingManagement.tests.RegistrationTest" name="verifyCustomerRegistration" time="8.256"/>
  <testcase classname="com.vit.bankingManagement.tests.NegativeRegistrationTest" name="verifyMandatoryFieldValidation" time="3.681"/>
  <testcase classname="com.vit.bankingManagement.tests.LoginTest" name="verifyLogin" time="3.739"/>
  <testcase classname="com.vit.bankingManagement.tests.OpenAccountTest" name="verifyOpenAccount" time="9.646"/>
  <testcase classname="com.vit.bankingManagement.tests.TransferFundsTest" name="verifyFundTransfer" time="11.691"/>
  <testcase classname="com.vit.bankingManagement.tests.NegativeTransferTest" name="verifyInvalidTransferAmount" time="62.115"/>
  <testcase classname="com.vit.bankingManagement.tests.TransactionHistoryTest" name="verifyTransactionHistory" time="6.318"/>
  <testcase classname="com.vit.bankingManagement.tests.AuthAPITest" name="verifyLoginAPI" time="4.437"/>
  <testcase classname="com.vit.bankingManagement.tests.CreateUserAPITest" name="verifyCreateUserAPI" time="1.038"/>
  <testcase classname="com.vit.bankingManagement.tests.FetchUserAPITest" name="verifyFetchUserAPI" time="0.596"/>
  <testcase classname="com.vit.bankingManagement.tests.UIAPIIntegrationTest" name="verifyUIAPIIntegration" time="0.878"/>
</testsuite> <!-- Banking Management Tests -->
