<?xml version="1.0" encoding="UTF-8"?>
<!-- Generated by org.testng.reporters.JUnitReportReporter -->
<testsuite hostname="HW0714" failures="0" tests="1" name="com.vit.bankingManagement.tests.NegativeRegistrationTest" time="6.522" errors="0" timestamp="2026-05-26T07:34:44 IST" skipped="0">
  <testcase classname="com.vit.bankingManagement.tests.NegativeRegistrationTest" name="verifyMandatoryFieldValidation" time="6.522"/>
</testsuite> <!-- com.vit.bankingManagement.tests.NegativeRegistrationTest -->
