<?xml version="1.0" encoding="UTF-8"?>
<!-- Generated by org.testng.reporters.JUnitXMLReporter -->
<testsuite ignored="0" hostname="HW0714" failures="0" tests="9" name="Surefire test" time="129.869" errors="0" timestamp="2026-05-25T23:54:10 IST">
  <testcase classname="com.vit.banking_automation_project.tests.AccountTest" name="validateOpenNewAccount" time="25.842"/>
  <testcase classname="com.vit.banking_automation_project.tests.ApiTest" name="validateLoginAPI" time="3.44"/>
  <testcase classname="com.vit.banking_automation_project.tests.ApiTest" name="validateCreateUserAPI" time="1.332"/>
  <testcase classname="com.vit.banking_automation_project.tests.ApiTest" name="validateFetchUserDetailsAPI" time="0.764"/>
  <testcase classname="com.vit.banking_automation_project.tests.RegistrationTest" name="validateCustomerRegistration" time="3.323"/>
  <testcase classname="com.vit.banking_automation_project.tests.RegistrationTest" name="validateNegativeRegistration" time="1.79"/>
  <testcase classname="com.vit.banking_automation_project.tests.TransactionHistoryTest" name="validateTransactionHistory" time="22.39"/>
  <testcase classname="com.vit.banking_automation_project.tests.TransferTest" name="validateFundTransfer" time="23.905"/>
  <testcase classname="com.vit.banking_automation_project.tests.TransferTest" name="validateInvalidTransferAmount" time="23.291"/>
</testsuite> <!-- Surefire test -->
